<?xml version="1.0" encoding="UTF-8" ?>
<testsuite errors="0" failures="0" hostname="DESKTOP-2FE2555" name="com.zyb.test.MyTest" skipped="0" tests="3" time="0.033" timestamp="2019-05-17T07:01:43">
  <properties>
    <property name="java.vendor" value="Oracle Corporation" />
    <property name="env.MOZ_PLUGIN_PATH" value="D:\PROGRAM FILES (X86)\FOXIT SOFTWARE\FOXIT READER\plugins\" />
    <property name="env.USERDOMAIN_ROAMINGPROFILE" value="DESKTOP-2FE2555" />
    <property name="sun.java.launcher" value="SUN_STANDARD" />
    <property name="eclipse.pdebuild.templates" value="C:\Users\HP\.p2\pool\plugins\org.eclipse.pde.build_3.10.300.v20190305-0856\templates" />
    <property name="sun.management.compiler" value="HotSpot 64-Bit Tiered Compilers" />
    <property name="env.PROMPT" value="$P$G" />
    <property name="os.name" value="Windows 10" />
    <property name="sun.boot.class.path" value="D:\Program Files\Java\jre1.8.0_131\lib\resources.jar;D:\Program Files\Java\jre1.8.0_131\lib\rt.jar;D:\Program Files\Java\jre1.8.0_131\lib\sunrsasign.jar;D:\Program Files\Java\jre1.8.0_131\lib\jsse.jar;D:\Program Files\Java\jre1.8.0_131\lib\jce.jar;D:\Program Files\Java\jre1.8.0_131\lib\charsets.jar;D:\Program Files\Java\jre1.8.0_131\lib\jfr.jar;D:\Program Files\Java\jre1.8.0_131\classes" />
    <property name="env.COMPUTERNAME" value="DESKTOP-2FE2555" />
    <property name="env.CommonProgramW6432" value="C:\Program Files\Common Files" />
    <property name="env.ALLUSERSPROFILE" value="C:\ProgramData" />
    <property name="sun.desktop" value="windows" />
    <property name="java.vm.specification.vendor" value="Oracle Corporation" />
    <property name="ant.home" value="C:\Users\HP\.p2\pool\plugins\org.apache.ant_1.10.5.v20180808-0324" />
    <property name="java.runtime.version" value="1.8.0_131-b11" />
    <property name="env.HOMEPATH" value="\Users\HP" />
    <property name="user.name" value="HP" />
    <property name="user.language" value="zh" />
    <property name="sun.boot.library.path" value="D:\Program Files\Java\jre1.8.0_131\bin" />
    <property name="ant.project.default-target" value="build" />
    <property name="ant.project.name" value="testlink" />
    <property name="java.version" value="1.8.0_131" />
    <property name="env.PROCESSOR_IDENTIFIER" value="Intel64 Family 6 Model 158 Stepping 9, GenuineIntel" />
    <property name="user.timezone" value="" />
    <property name="env.TEMP" value="C:\Users\HP\AppData\Local\Temp" />
    <property name="sun.arch.data.model" value="64" />
    <property name="java.endorsed.dirs" value="D:\Program Files\Java\jre1.8.0_131\lib\endorsed" />
    <property name="sun.cpu.isalist" value="amd64" />
    <property name="env.HOMEDRIVE" value="C:" />
    <property name="sun.jnu.encoding" value="GBK" />
    <property name="file.encoding.pkg" value="sun.io" />
    <property name="ECLIPSE_HOME" value="../../Program Files (x86)/eclipse/eclipse/" />
    <property name="file.separator" value="\" />
    <property name="java.specification.name" value="Java Platform API Specification" />
    <property name="java.class.version" value="52.0" />
    <property name="user.country" value="CN" />
    <property name="java.home" value="D:\Program Files\Java\jre1.8.0_131" />
    <property name="env.PSModulePath" value="C:\Windows\system32\WindowsPowerShell\v1.0\Modules\;C:\Program Files\Intel\;D:\Program Files (x86)\AutoIt3\AutoItX" />
    <property name="env.APPDATA" value="C:\Users\HP\AppData\Roaming" />
    <property name="env.PUBLIC" value="C:\Users\Public" />
    <property name="java.vm.info" value="mixed mode" />
    <property name="env.CATALINA_HOME" value="D:\apachefamily\apache-tomcat-9.0.17" />
    <property name="env.ComSpec" value="C:\Windows\system32\cmd.exe" />
    <property name="env.OS" value="Windows_NT" />
    <property name="env.CommonProgramFiles" value="C:\Program Files\Common Files" />
    <property name="ant.file" value="D:\myJavaEclipse\testlink\build.xml" />
    <property name="os.version" value="10.0" />
    <property name="env.ProgramW6432" value="C:\Program Files" />
    <property name="path.separator" value=";" />
    <property name="ant.file.type.testlink" value="file" />
    <property name="java.vm.version" value="25.131-b11" />
    <property name="user.variant" value="" />
    <property name="env.USERPROFILE" value="C:\Users\HP" />
    <property name="ant.library.dir" value="C:\Users\HP\.p2\pool\plugins\org.apache.ant_1.10.5.v20180808-0324\lib" />
    <property name="junit.output.dir" value="junit" />
    <property name="env.JAVA_HOME" value="D:\Program Files\Java\jdk1.8.0_131" />
    <property name="java.awt.printerjob" value="sun.awt.windows.WPrinterJob" />
    <property name="env.TMP" value="C:\Users\HP\AppData\Local\Temp" />
    <property name="env.FPS_BROWSER_USER_PROFILE_STRING" value="Default" />
    <property name="sun.io.unicode.encoding" value="UnicodeLittle" />
    <property name="awt.toolkit" value="sun.awt.windows.WToolkit" />
    <property name="user.script" value="" />
    <property name="eclipse.pdebuild.scripts" value="C:\Users\HP\.p2\pool\plugins\org.eclipse.pde.build_3.10.300.v20190305-0856\scripts" />
    <property name="user.home" value="C:\Users\HP" />
    <property name="target" value="1.8" />
    <property name="env.ProgramData" value="C:\ProgramData" />
    <property name="env.SESSIONNAME" value="Console" />
    <property name="env.ProgramFiles(x86)" value="C:\Program Files (x86)" />
    <property name="java.specification.vendor" value="Oracle Corporation" />
    <property name="env.CLASSPATH" value=".;D:\Program Files\Java\jdk1.8.0_131\lib;D:\Program Files\Java\jdk1.8.0_131\lib\tools.jar" />
    <property name="java.vendor.url" value="http://java.oracle.com/" />
    <property name="java.library.path" value="D:\Program Files\Java\jre1.8.0_131\bin;C:\Windows\Sun\Java\bin;C:\Windows\system32;C:\Windows;D:/Program Files/Java/jre1.8.0_131/bin/server;D:/Program Files/Java/jre1.8.0_131/bin;D:/Program Files/Java/jre1.8.0_131/lib/amd64;D:\Program Files (x86)\NetSarang\Xftp 6\;D:\Program Files (x86)\NetSarang\Xshell 6\;C:\ProgramData\Oracle\Java\javapath;C:\Windows\system32;C:\Windows;C:\Windows\System32\Wbem;C:\Windows\System32\WindowsPowerShell\v1.0\;D:\Program Files\Git\cmd;D:\Program Files\TortoiseGit\bin;D:\Program Files\Java\jdk1.8.0_131\bin;D:\Program Files\Java\jdk1.8.0_131\jre\bin;D:\apachefamily\apache-tomcat-9.0.17\lib;D:\apachefamily\apache-tomcat-9.0.17\bin;D:\apachefamily\apache-ant-1.10.5\bin;D:\Program Files (x86)\mysql-8.0.15-winx64\bin;D:\Program Files (x86)\Fiddler2;D:\Program Files (x86)\Microsoft VS Code\Microsoft VS Code\bin;C:\Users\HP\AppData\Local\BypassRuntm;C:\Users\HP\Desktop;;." />
    <property name="env.NUMBER_OF_PROCESSORS" value="8" />
    <property name="java.vm.vendor" value="Oracle Corporation" />
    <property name="java.runtime.name" value="Java(TM) SE Runtime Environment" />
    <property name="ant.version" value="Apache Ant(TM) version 1.10.5 compiled on July 10 2018" />
    <property name="java.class.path" value="C:\Users\HP\.p2\pool\plugins\org.junit.jupiter.api_5.4.0.v20190212-2109.jar;C:\Users\HP\.p2\pool\plugins\org.junit.jupiter.engine_5.4.0.v20190212-2109.jar;C:\Users\HP\.p2\pool\plugins\org.junit.jupiter.migrationsupport_5.4.0.v20190212-2109.jar;C:\Users\HP\.p2\pool\plugins\org.junit.jupiter.params_5.4.0.v20190212-2109.jar;C:\Users\HP\.p2\pool\plugins\org.junit.platform.commons_1.4.0.v20190212-2109.jar;C:\Users\HP\.p2\pool\plugins\org.junit.platform.engine_1.4.0.v20190212-2109.jar;C:\Users\HP\.p2\pool\plugins\org.junit.platform.launcher_1.4.0.v20190212-2109.jar;C:\Users\HP\.p2\pool\plugins\org.junit.platform.runner_1.4.0.v20190212-2109.jar;C:\Users\HP\.p2\pool\plugins\org.junit.platform.suite.api_1.4.0.v20190212-2109.jar;C:\Users\HP\.p2\pool\plugins\org.junit.vintage.engine_5.4.0.v20190212-2109.jar;C:\Users\HP\.p2\pool\plugins\org.opentest4j_1.1.1.v20190212-2109.jar;C:\Users\HP\.p2\pool\plugins\org.apiguardian_1.0.0.v20190212-2109.jar;C:\Users\HP\.p2\pool\plugins\org.junit_4.12.0.v201504281640\junit.jar;C:\Users\HP\.p2\pool\plugins\org.hamcrest.core_1.3.0.v20180420-1519.jar;D:\myJavaEclipse\testlink\bin;D:\myJavaEclipse\testlink;D:\Program Files\Java\jdk1.8.0_131\lib;D:\Program Files\Java\jdk1.8.0_131\lib\tools.jar;C:\Users\HP\.p2\pool\plugins\org.apache.ant_1.10.5.v20180808-0324\lib\ant-launcher.jar;C:\Users\HP\.p2\pool\plugins\org.apache.ant_1.10.5.v20180808-0324\lib\ant.jar;C:\Users\HP\.p2\pool\plugins\org.apache.ant_1.10.5.v20180808-0324\lib\ant-junit.jar;C:\Users\HP\.p2\pool\plugins\org.apache.ant_1.10.5.v20180808-0324\lib\ant-junit4.jar" />
    <property name="sun.java.command" value="org.apache.tools.ant.taskdefs.optional.junit.JUnitTestRunner com.zyb.test.MyTest skipNonTests=false filtertrace=true haltOnError=false haltOnFailure=false formatter=org.apache.tools.ant.taskdefs.optional.junit.OutErrSummaryJUnitResultFormatter showoutput=false outputtoformatters=true logfailedtests=true threadid=0 logtestlistenerevents=false formatter=org.apache.tools.ant.taskdefs.optional.junit.XMLJUnitResultFormatter,D:\myJavaEclipse\testlink\junit\TEST-com.zyb.test.MyTest.xml crashfile=D:\myJavaEclipse\testlink\junitvmwatcher7983818711465220920.properties propsfile=D:\myJavaEclipse\testlink\junit4445758531372075939.properties" />
    <property name="java.vm.specification.name" value="Java Virtual Machine Specification" />
    <property name="env.windir" value="C:\Windows" />
    <property name="env.LOGONSERVER" value="\\DESKTOP-2FE2555" />
    <property name="env.PROCESSOR_ARCHITECTURE" value="AMD64" />
    <property name="java.vm.specification.version" value="1.8" />
    <property name="sun.os.patch.level" value="" />
    <property name="sun.cpu.endian" value="little" />
    <property name="debuglevel" value="source,lines,vars" />
    <property name="env.OneDrive" value="C:\Users\HP\OneDrive" />
    <property name="env.ProgramFiles" value="C:\Program Files" />
    <property name="env.ANT_HOME" value="C:\Users\HP\.p2\pool\plugins\org.apache.ant_1.10.5.v20180808-0324" />
    <property name="java.io.tmpdir" value="C:\Users\HP\AppData\Local\Temp\" />
    <property name="env.PROCESSOR_REVISION" value="9e09" />
    <property name="eclipse.pdebuild.home" value="C:\Users\HP\.p2\pool\plugins\org.eclipse.pde.build_3.10.300.v20190305-0856\." />
    <property name="env.CommonProgramFiles(x86)" value="C:\Program Files (x86)\Common Files" />
    <property name="java.vendor.url.bug" value="http://bugreport.sun.com/bugreport/" />
    <property name="env.SystemRoot" value="C:\Windows" />
    <property name="env.FPS_BROWSER_APP_PROFILE_STRING" value="Internet Explorer" />
    <property name="java.awt.graphicsenv" value="sun.awt.Win32GraphicsEnvironment" />
    <property name="os.arch" value="amd64" />
    <property name="ant.file.testlink" value="D:\myJavaEclipse\testlink\build.xml" />
    <property name="java.ext.dirs" value="D:\Program Files\Java\jre1.8.0_131\lib\ext;C:\Windows\Sun\Java\lib\ext" />
    <property name="user.dir" value="D:\myJavaEclipse\testlink" />
    <property name="env.LOCALAPPDATA" value="C:\Users\HP\AppData\Local" />
    <property name="line.separator" value="&#xd;&#xa;" />
    <property name="java.vm.name" value="Java HotSpot(TM) 64-Bit Server VM" />
    <property name="env.PATHEXT" value=".COM;.EXE;.BAT;.CMD;.VBS;.VBE;.JS;.JSE;.WSF;.WSH;.MSC" />
    <property name="env.Path" value="D:/Program Files/Java/jre1.8.0_131/bin/server;D:/Program Files/Java/jre1.8.0_131/bin;D:/Program Files/Java/jre1.8.0_131/lib/amd64;D:\Program Files (x86)\NetSarang\Xftp 6\;D:\Program Files (x86)\NetSarang\Xshell 6\;C:\ProgramData\Oracle\Java\javapath;C:\Windows\system32;C:\Windows;C:\Windows\System32\Wbem;C:\Windows\System32\WindowsPowerShell\v1.0\;D:\Program Files\Git\cmd;D:\Program Files\TortoiseGit\bin;D:\Program Files\Java\jdk1.8.0_131\bin;D:\Program Files\Java\jdk1.8.0_131\jre\bin;D:\apachefamily\apache-tomcat-9.0.17\lib;D:\apachefamily\apache-tomcat-9.0.17\bin;D:\apachefamily\apache-ant-1.10.5\bin;D:\Program Files (x86)\mysql-8.0.15-winx64\bin;D:\Program Files (x86)\Fiddler2;D:\Program Files (x86)\Microsoft VS Code\Microsoft VS Code\bin;C:\Users\HP\AppData\Local\BypassRuntm;C:\Users\HP\Desktop;" />
    <property name="basedir" value="D:\myJavaEclipse\testlink" />
    <property name="ant.java.version" value="1.8" />
    <property name="ant.core.lib" value="C:\Users\HP\.p2\pool\plugins\org.apache.ant_1.10.5.v20180808-0324\lib\ant.jar" />
    <property name="env.USERNAME" value="HP" />
    <property name="source" value="1.8" />
    <property name="env.SystemDrive" value="C:" />
    <property name="file.encoding" value="GBK" />
    <property name="env.USERDOMAIN" value="DESKTOP-2FE2555" />
    <property name="java.specification.version" value="1.8" />
    <property name="ant.project.invoked-targets" value="build,MyTest,junitreport" />
    <property name="env.PROCESSOR_LEVEL" value="6" />
  </properties>
  <testcase classname="com.zyb.test.MyTest" name="test001" time="0.001" />
  <testcase classname="com.zyb.test.MyTest" name="test002" time="0.0" />
  <testcase classname="com.zyb.test.MyTest" name="test003" time="0.0" />
  <system-out><![CDATA[test001
test002
test003
]]></system-out>
  <system-err><![CDATA[]]></system-err>
</testsuite>
